<?xml version="1.0" encoding="UTF-8"?>
<testsuite name="com.fastcampus.javaoop.MainTest" tests="1" skipped="0" failures="0" errors="0" timestamp="2023-11-24T05:16:37" hostname="gimsehyeon-ui-MacBookPro.local" time="0.028">
  <properties/>
  <testcase name="main()" classname="com.fastcampus.javaoop.MainTest" time="0.028"/>
  <system-out><![CDATA[[result] [1, 2, 3]
]]></system-out>
  <system-err><![CDATA[]]></system-err>
</testsuite>
